debug: -27/10/2023-GET en /products
info: -27/10/2023-GET en /products
debug: -27/10/2023-GET en /favicon.ico
info: -27/10/2023-GET en /favicon.ico
debug: -27/10/2023-GET en /login
info: -27/10/2023-GET en /login
debug: -27/10/2023-GET en /register
info: -27/10/2023-GET en /register
debug: -27/10/2023-GET en /register
info: -27/10/2023-GET en /register
debug: -27/10/2023-GET en /register
info: -27/10/2023-GET en /register
debug: -27/10/2023-GET en /register
info: -27/10/2023-GET en /register
debug: -27/10/2023-GET en /register
info: -27/10/2023-GET en /register
debug: -27/10/2023-GET en /register
info: -27/10/2023-GET en /register
debug: -27/10/2023-GET en /register
info: -27/10/2023-GET en /register
debug: -27/10/2023-GET en /register
info: -27/10/2023-GET en /register
debug: -27/10/2023-GET en /register
info: -27/10/2023-GET en /register
info: Compra finalizada con éxito
info: Compra finalizada con éxito
info: Compra finalizada con éxito
